[1104/053425.465:ERROR:directory_reader_win.cc(43)] FindFirstFile: The system cannot find the path specified. (0x3)
[1104/212915.046:ERROR:directory_reader_win.cc(43)] FindFirstFile: The system cannot find the path specified. (0x3)
[1104/231656.007:ERROR:directory_reader_win.cc(43)] FindFirstFile: The system cannot find the path specified. (0x3)
[1106/082451.171:ERROR:directory_reader_win.cc(43)] FindFirstFile: The system cannot find the path specified. (0x3)
[1106/195824.123:ERROR:directory_reader_win.cc(43)] FindFirstFile: The system cannot find the path specified. (0x3)
[1109/093152.273:ERROR:directory_reader_win.cc(43)] FindFirstFile: The system cannot find the path specified. (0x3)
[1110/021837.079:ERROR:directory_reader_win.cc(43)] FindFirstFile: The system cannot find the path specified. (0x3)
[1110/091536.537:ERROR:directory_reader_win.cc(43)] FindFirstFile: The system cannot find the path specified. (0x3)
[1110/141546.337:ERROR:filesystem_win.cc(129)] GetFileAttributes C:\Users\DELL\AppData\Local\Google\Chrome\User Data\Crashpad\attachments\13450fa2-05f6-488f-a758-fc3a751425be: The system cannot find the path specified. (0x3)
[1110/144426.332:ERROR:process_reader_win.cc(151)] SuspendThread: Access is denied. (0x5)
[1110/144426.332:ERROR:process_reader_win.cc(151)] SuspendThread: Access is denied. (0x5)
[1110/144426.332:ERROR:process_reader_win.cc(151)] SuspendThread: Access is denied. (0x5)
[1110/144426.332:ERROR:process_reader_win.cc(151)] SuspendThread: Access is denied. (0x5)
[1110/144426.332:ERROR:process_reader_win.cc(151)] SuspendThread: Access is denied. (0x5)
[1110/144426.332:ERROR:process_reader_win.cc(151)] SuspendThread: Access is denied. (0x5)
[1110/144426.332:ERROR:process_reader_win.cc(151)] SuspendThread: Access is denied. (0x5)
[1110/144426.332:ERROR:process_reader_win.cc(151)] SuspendThread: Access is denied. (0x5)
[1110/144426.332:ERROR:process_reader_win.cc(123)] NtOpenThread: {Access Denied} A process has requested access to an object, but has not been granted those access rights. (0xc0000022)
[1110/144426.348:ERROR:process_reader_win.cc(123)] NtOpenThread: {Access Denied} A process has requested access to an object, but has not been granted those access rights. (0xc0000022)
[1110/144426.364:ERROR:process_reader_win.cc(123)] NtOpenThread: {Access Denied} A process has requested access to an object, but has not been granted those access rights. (0xc0000022)
[1110/144426.520:ERROR:exception_snapshot_win.cc(99)] thread ID 12136 not found in process
[1110/144426.520:ERROR:exception_snapshot_win.cc(99)] thread ID 12252 not found in process
[1110/144426.520:ERROR:exception_snapshot_win.cc(99)] thread ID 9324 not found in process
[1111/050948.657:ERROR:directory_reader_win.cc(43)] FindFirstFile: The system cannot find the path specified. (0x3)
[1111/141317.818:ERROR:directory_reader_win.cc(43)] FindFirstFile: The system cannot find the path specified. (0x3)
[1111/174046.937:ERROR:process_reader_win.cc(123)] NtOpenThread: {Access Denied} A process has requested access to an object, but has not been granted those access rights. (0xc0000022)
[1111/174046.937:ERROR:process_reader_win.cc(123)] NtOpenThread: {Access Denied} A process has requested access to an object, but has not been granted those access rights. (0xc0000022)
[1111/174047.078:ERROR:exception_snapshot_win.cc(99)] thread ID 9228 not found in process
[1111/174047.078:ERROR:exception_snapshot_win.cc(99)] thread ID 7124 not found in process
[1111/174047.078:ERROR:scoped_process_suspend.cc(40)] NtResumeProcess: An attempt was made to access an exiting process. (0xc000010a)
[1111/174047.078:ERROR:scoped_process_suspend.cc(40)] NtResumeProcess: An attempt was made to access an exiting process. (0xc000010a)
[1112/112938.668:ERROR:directory_reader_win.cc(43)] FindFirstFile: The system cannot find the path specified. (0x3)
[1113/105006.991:ERROR:directory_reader_win.cc(43)] FindFirstFile: The system cannot find the path specified. (0x3)
[1116/072338.859:ERROR:directory_reader_win.cc(43)] FindFirstFile: The system cannot find the path specified. (0x3)
